<?xml version="1.0" encoding="UTF-8"?>
<testsuite xmlns:xsi="http://www.w3.org/2001/XMLSchema-instance" xsi:noNamespaceSchemaLocation="https://maven.apache.org/surefire/maven-surefire-plugin/xsd/surefire-test-report.xsd" name="com.mycompany.app.AppTest" time="0.031" tests="1" errors="0" skipped="0" failures="0">
  <properties>
    <property name="java.specification.version" value="17"/>
    <property name="sun.jnu.encoding" value="UTF-8"/>
    <property name="java.class.path" value="/home/pedrocoelho5/Desktop/Universidade/IES/IES_104247/lab2/lab2_2/my-app/target/test-classes:/home/pedrocoelho5/Desktop/Universidade/IES/IES_104247/lab2/lab2_2/my-app/target/classes:/home/pedrocoelho5/.m2/repository/junit/junit/4.11/junit-4.11.jar:/home/pedrocoelho5/.m2/repository/org/hamcrest/hamcrest-core/1.3/hamcrest-core-1.3.jar:/home/pedrocoelho5/.m2/repository/org/eclipse/jetty/jetty-server/9.2.15.v20160210/jetty-server-9.2.15.v20160210.jar:/home/pedrocoelho5/.m2/repository/javax/servlet/javax.servlet-api/3.1.0/javax.servlet-api-3.1.0.jar:/home/pedrocoelho5/.m2/repository/org/eclipse/jetty/jetty-http/9.2.15.v20160210/jetty-http-9.2.15.v20160210.jar:/home/pedrocoelho5/.m2/repository/org/eclipse/jetty/jetty-util/9.2.15.v20160210/jetty-util-9.2.15.v20160210.jar:/home/pedrocoelho5/.m2/repository/org/eclipse/jetty/jetty-io/9.2.15.v20160210/jetty-io-9.2.15.v20160210.jar:/home/pedrocoelho5/.m2/repository/org/eclipse/jetty/jetty-servlet/9.2.15.v20160210/jetty-servlet-9.2.15.v20160210.jar:/home/pedrocoelho5/.m2/repository/org/eclipse/jetty/jetty-security/9.2.15.v20160210/jetty-security-9.2.15.v20160210.jar:"/>
    <property name="java.vm.vendor" value="Private Build"/>
    <property name="sun.arch.data.model" value="64"/>
    <property name="java.vendor.url" value="Unknown"/>
    <property name="os.name" value="Linux"/>
    <property name="java.vm.specification.version" value="17"/>
    <property name="sun.java.launcher" value="SUN_STANDARD"/>
    <property name="user.country" value="PT"/>
    <property name="sun.boot.library.path" value="/usr/lib/jvm/java-17-openjdk-amd64/lib"/>
    <property name="sun.java.command" value="/home/pedrocoelho5/Desktop/Universidade/IES/IES_104247/lab2/lab2_2/my-app/target/surefire/surefirebooter9597249141349483457.jar /home/pedrocoelho5/Desktop/Universidade/IES/IES_104247/lab2/lab2_2/my-app/target/surefire 2022-10-13T13-36-28_640-jvmRun1 surefire6919353565121497433tmp surefire_013629082179826936388tmp"/>
    <property name="jdk.debug" value="release"/>
    <property name="surefire.test.class.path" value="/home/pedrocoelho5/Desktop/Universidade/IES/IES_104247/lab2/lab2_2/my-app/target/test-classes:/home/pedrocoelho5/Desktop/Universidade/IES/IES_104247/lab2/lab2_2/my-app/target/classes:/home/pedrocoelho5/.m2/repository/junit/junit/4.11/junit-4.11.jar:/home/pedrocoelho5/.m2/repository/org/hamcrest/hamcrest-core/1.3/hamcrest-core-1.3.jar:/home/pedrocoelho5/.m2/repository/org/eclipse/jetty/jetty-server/9.2.15.v20160210/jetty-server-9.2.15.v20160210.jar:/home/pedrocoelho5/.m2/repository/javax/servlet/javax.servlet-api/3.1.0/javax.servlet-api-3.1.0.jar:/home/pedrocoelho5/.m2/repository/org/eclipse/jetty/jetty-http/9.2.15.v20160210/jetty-http-9.2.15.v20160210.jar:/home/pedrocoelho5/.m2/repository/org/eclipse/jetty/jetty-util/9.2.15.v20160210/jetty-util-9.2.15.v20160210.jar:/home/pedrocoelho5/.m2/repository/org/eclipse/jetty/jetty-io/9.2.15.v20160210/jetty-io-9.2.15.v20160210.jar:/home/pedrocoelho5/.m2/repository/org/eclipse/jetty/jetty-servlet/9.2.15.v20160210/jetty-servlet-9.2.15.v20160210.jar:/home/pedrocoelho5/.m2/repository/org/eclipse/jetty/jetty-security/9.2.15.v20160210/jetty-security-9.2.15.v20160210.jar:"/>
    <property name="sun.cpu.endian" value="little"/>
    <property name="user.home" value="/home/pedrocoelho5"/>
    <property name="user.language" value="pt"/>
    <property name="java.specification.vendor" value="Oracle Corporation"/>
    <property name="java.version.date" value="2022-07-19"/>
    <property name="java.home" value="/usr/lib/jvm/java-17-openjdk-amd64"/>
    <property name="file.separator" value="/"/>
    <property name="basedir" value="/home/pedrocoelho5/Desktop/Universidade/IES/IES_104247/lab2/lab2_2/my-app"/>
    <property name="java.vm.compressedOopsMode" value="Zero based"/>
    <property name="line.separator" value="&#10;"/>
    <property name="java.vm.specification.vendor" value="Oracle Corporation"/>
    <property name="java.specification.name" value="Java Platform API Specification"/>
    <property name="surefire.real.class.path" value="/home/pedrocoelho5/Desktop/Universidade/IES/IES_104247/lab2/lab2_2/my-app/target/surefire/surefirebooter9597249141349483457.jar"/>
    <property name="sun.management.compiler" value="HotSpot 64-Bit Tiered Compilers"/>
    <property name="java.runtime.version" value="17.0.4+8-Ubuntu-122.04"/>
    <property name="user.name" value="pedrocoelho5"/>
    <property name="path.separator" value=":"/>
    <property name="os.version" value="5.15.0-50-generic"/>
    <property name="java.runtime.name" value="OpenJDK Runtime Environment"/>
    <property name="file.encoding" value="UTF-8"/>
    <property name="java.vm.name" value="OpenJDK 64-Bit Server VM"/>
    <property name="localRepository" value="/home/pedrocoelho5/.m2/repository"/>
    <property name="java.vendor.url.bug" value="Unknown"/>
    <property name="java.io.tmpdir" value="/tmp"/>
    <property name="java.version" value="17.0.4"/>
    <property name="user.dir" value="/home/pedrocoelho5/Desktop/Universidade/IES/IES_104247/lab2/lab2_2/my-app"/>
    <property name="os.arch" value="amd64"/>
    <property name="java.vm.specification.name" value="Java Virtual Machine Specification"/>
    <property name="native.encoding" value="UTF-8"/>
    <property name="java.library.path" value="/usr/java/packages/lib:/usr/lib/x86_64-linux-gnu/jni:/lib/x86_64-linux-gnu:/usr/lib/x86_64-linux-gnu:/usr/lib/jni:/lib:/usr/lib"/>
    <property name="java.vm.info" value="mixed mode, sharing"/>
    <property name="java.vendor" value="Private Build"/>
    <property name="java.vm.version" value="17.0.4+8-Ubuntu-122.04"/>
    <property name="sun.io.unicode.encoding" value="UnicodeLittle"/>
    <property name="java.class.version" value="61.0"/>
  </properties>
  <testcase name="shouldAnswerWithTrue" classname="com.mycompany.app.AppTest" time="0.002"/>
</testsuite>